Config invalid
File: ~\.openclaw\openclaw.json
Problem:
  - <root>: JSON5 parse failed: SyntaxError: JSON5: invalid end of input at 242:1

Run: openclaw doctor --fix
Config invalid
File: ~\.openclaw\openclaw.json
Problem:
  - <root>: JSON5 parse failed: SyntaxError: JSON5: invalid end of input at 242:1

Run: openclaw doctor --fix
Config invalid
File: ~\.openclaw\openclaw.json
Problem:
  - <root>: JSON5 parse failed: SyntaxError: JSON5: invalid end of input at 242:1

Run: openclaw doctor --fix
Config invalid
File: ~\.openclaw\openclaw.json
Problem:
  - <root>: JSON5 parse failed: SyntaxError: JSON5: invalid end of input at 242:1

Run: openclaw doctor --fix
Config invalid
File: ~\.openclaw\openclaw.json
Problem:
  - <root>: JSON5 parse failed: SyntaxError: JSON5: invalid end of input at 242:1

Run: openclaw doctor --fix
Config invalid
File: ~\.openclaw\openclaw.json
Problem:
  - <root>: JSON5 parse failed: SyntaxError: JSON5: invalid end of input at 242:1

Run: openclaw doctor --fix
Config invalid
File: ~\.openclaw\openclaw.json
Problem:
  - <root>: JSON5 parse failed: SyntaxError: JSON5: invalid end of input at 242:1

Run: openclaw doctor --fix
Config invalid
File: ~\.openclaw\openclaw.json
Problem:
  - <root>: JSON5 parse failed: SyntaxError: JSON5: invalid end of input at 242:1

Run: openclaw doctor --fix
Config invalid
File: ~\.openclaw\openclaw.json
Problem:
  - <root>: JSON5 parse failed: SyntaxError: JSON5: invalid end of input at 242:1

Run: openclaw doctor --fix
Config invalid
File: ~\.openclaw\openclaw.json
Problem:
  - <root>: JSON5 parse failed: SyntaxError: JSON5: invalid end of input at 242:1

Run: openclaw doctor --fix
Config invalid
File: ~\.openclaw\openclaw.json
Problem:
  - <root>: JSON5 parse failed: SyntaxError: JSON5: invalid end of input at 242:1

Run: openclaw doctor --fix
Config invalid
File: ~\.openclaw\openclaw.json
Problem:
  - <root>: JSON5 parse failed: SyntaxError: JSON5: invalid end of input at 242:1

Run: openclaw doctor --fix
Config invalid
File: ~\.openclaw\openclaw.json
Problem:
  - <root>: JSON5 parse failed: SyntaxError: JSON5: invalid end of input at 242:1

Run: openclaw doctor --fix
Config invalid
File: ~\.openclaw\openclaw.json
Problem:
  - <root>: JSON5 parse failed: SyntaxError: JSON5: invalid end of input at 242:1

Run: openclaw doctor --fix
Config invalid
File: ~\.openclaw\openclaw.json
Problem:
  - <root>: JSON5 parse failed: SyntaxError: JSON5: invalid end of input at 242:1

Run: openclaw doctor --fix
Config invalid
File: ~\.openclaw\openclaw.json
Problem:
  - <root>: JSON5 parse failed: SyntaxError: JSON5: invalid end of input at 242:1

Run: openclaw doctor --fix
Config invalid
File: ~\.openclaw\openclaw.json
Problem:
  - <root>: JSON5 parse failed: SyntaxError: JSON5: invalid end of input at 242:1

Run: openclaw doctor --fix
Config invalid
File: ~\.openclaw\openclaw.json
Problem:
  - <root>: JSON5 parse failed: SyntaxError: JSON5: invalid end of input at 242:1

Run: openclaw doctor --fix
Config invalid
File: ~\.openclaw\openclaw.json
Problem:
  - <root>: JSON5 parse failed: SyntaxError: JSON5: invalid end of input at 242:1

Run: openclaw doctor --fix
Config invalid
File: ~\.openclaw\openclaw.json
Problem:
  - <root>: JSON5 parse failed: SyntaxError: JSON5: invalid end of input at 242:1

Run: openclaw doctor --fix
Config invalid
File: ~\.openclaw\openclaw.json
Problem:
  - <root>: JSON5 parse failed: SyntaxError: JSON5: invalid end of input at 242:1

Run: openclaw doctor --fix
Config invalid
File: ~\.openclaw\openclaw.json
Problem:
  - <root>: JSON5 parse failed: SyntaxError: JSON5: invalid end of input at 242:1

Run: openclaw doctor --fix
Config invalid
File: ~\.openclaw\openclaw.json
Problem:
  - <root>: JSON5 parse failed: SyntaxError: JSON5: invalid end of input at 242:1

Run: openclaw doctor --fix
Config invalid
File: ~\.openclaw\openclaw.json
Problem:
  - agents.list.1: Unrecognized key: "subagentModelPolicy"

Run: openclaw doctor --fix
Config invalid
File: ~\.openclaw\openclaw.json
Problem:
  - agents.list.1: Unrecognized key: "subagentModelPolicy"

Run: openclaw doctor --fix
Config invalid
File: ~\.openclaw\openclaw.json
Problem:
  - agents.list.1: Unrecognized key: "subagentModelPolicy"

Run: openclaw doctor --fix
Config invalid
File: ~\.openclaw\openclaw.json
Problem:
  - agents.list.1: Unrecognized key: "subagentModelPolicy"

Run: openclaw doctor --fix
Config invalid
File: ~\.openclaw\openclaw.json
Problem:
  - agents.list.1: Unrecognized key: "subagentModelPolicy"

Run: openclaw doctor --fix
Config invalid
File: ~\.openclaw\openclaw.json
Problem:
  - agents.list.1: Unrecognized key: "subagentModelPolicy"

Run: openclaw doctor --fix
Config invalid
File: ~\.openclaw\openclaw.json
Problem:
  - agents.list.1: Unrecognized key: "subagentModelPolicy"

Run: openclaw doctor --fix
Config invalid
File: ~\.openclaw\openclaw.json
Problem:
  - agents.list.1: Unrecognized key: "subagentModelPolicy"

Run: openclaw doctor --fix
Config invalid
File: ~\.openclaw\openclaw.json
Problem:
  - agents.list.1: Unrecognized key: "subagentModelPolicy"

Run: openclaw doctor --fix
Config invalid
File: ~\.openclaw\openclaw.json
Problem:
  - agents.list.1: Unrecognized key: "subagentModelPolicy"

Run: openclaw doctor --fix
Gateway call failed: Error: gateway closed (1006 abnormal closure (no close frame)): no close reason
Gateway target: ws://127.0.0.1:18789
Source: local loopback
Config: C:\Users\nbobb\.openclaw\openclaw.json
Bind: loopback
[file-server] sessions.list failed: Command failed: openclaw gateway call sessions.list
Config invalid
File: ~\.openclaw\openclaw.json
Problem:
  - agents.list.1: Unrecognized key: "subagentModelPolicy"

Run: openclaw doctor --fix
Gateway call failed: Error: gateway closed (1006 abnormal closure (no close frame)): no close reason
Gateway target: ws://127.0.0.1:18789
Source: local loopback
Config: C:\Users\nbobb\.openclaw\openclaw.json
Bind: loopback

Config invalid
File: ~\.openclaw\openclaw.json
Problem:
  - agents.list.1: Unrecognized key: "subagentModelPolicy"

Run: openclaw doctor --fix
Gateway call failed: Error: gateway closed (1006 abnormal closure (no close frame)): no close reason
Gateway target: ws://127.0.0.1:18789
Source: local loopback
Config: C:\Users\nbobb\.openclaw\openclaw.json
Bind: loopback
[file-server] sessions.list failed: Command failed: openclaw gateway call sessions.list
Config invalid
File: ~\.openclaw\openclaw.json
Problem:
  - agents.list.1: Unrecognized key: "subagentModelPolicy"

Run: openclaw doctor --fix
Gateway call failed: Error: gateway closed (1006 abnormal closure (no close frame)): no close reason
Gateway target: ws://127.0.0.1:18789
Source: local loopback
Config: C:\Users\nbobb\.openclaw\openclaw.json
Bind: loopback

Config invalid
File: ~\.openclaw\openclaw.json
Problem:
  - agents.list.1: Unrecognized key: "subagentModelPolicy"

Run: openclaw doctor --fix
Gateway call failed: Error: gateway closed (1006 abnormal closure (no close frame)): no close reason
Gateway target: ws://127.0.0.1:18789
Source: local loopback
Config: C:\Users\nbobb\.openclaw\openclaw.json
Bind: loopback
[file-server] sessions.list failed: Command failed: openclaw gateway call sessions.list
Config invalid
File: ~\.openclaw\openclaw.json
Problem:
  - agents.list.1: Unrecognized key: "subagentModelPolicy"

Run: openclaw doctor --fix
Gateway call failed: Error: gateway closed (1006 abnormal closure (no close frame)): no close reason
Gateway target: ws://127.0.0.1:18789
Source: local loopback
Config: C:\Users\nbobb\.openclaw\openclaw.json
Bind: loopback

Config invalid
File: ~\.openclaw\openclaw.json
Problem:
  - agents.list.1: Unrecognized key: "subagentModelPolicy"

Run: openclaw doctor --fix
Gateway call failed: Error: gateway closed (1006 abnormal closure (no close frame)): no close reason
Gateway target: ws://127.0.0.1:18789
Source: local loopback
Config: C:\Users\nbobb\.openclaw\openclaw.json
Bind: loopback
[file-server] sessions.list failed: Command failed: openclaw gateway call sessions.list
Config invalid
File: ~\.openclaw\openclaw.json
Problem:
  - agents.list.1: Unrecognized key: "subagentModelPolicy"

Run: openclaw doctor --fix
Gateway call failed: Error: gateway closed (1006 abnormal closure (no close frame)): no close reason
Gateway target: ws://127.0.0.1:18789
Source: local loopback
Config: C:\Users\nbobb\.openclaw\openclaw.json
Bind: loopback

Gateway call failed: Error: gateway closed (1006 abnormal closure (no close frame)): no close reason
Gateway target: ws://127.0.0.1:18789
Source: local loopback
Config: C:\Users\nbobb\.openclaw\openclaw.json
Bind: loopback
[file-server] sessions.list failed: Command failed: openclaw gateway call sessions.list
Gateway call failed: Error: gateway closed (1006 abnormal closure (no close frame)): no close reason
Gateway target: ws://127.0.0.1:18789
Source: local loopback
Config: C:\Users\nbobb\.openclaw\openclaw.json
Bind: loopback

Gateway call failed: Error: gateway closed (1006 abnormal closure (no close frame)): no close reason
Gateway target: ws://127.0.0.1:18789
Source: local loopback
Config: C:\Users\nbobb\.openclaw\openclaw.json
Bind: loopback
[file-server] sessions.list failed: Command failed: openclaw gateway call sessions.list
Gateway call failed: Error: gateway closed (1006 abnormal closure (no close frame)): no close reason
Gateway target: ws://127.0.0.1:18789
Source: local loopback
Config: C:\Users\nbobb\.openclaw\openclaw.json
Bind: loopback

